INFO - 2024-11-13 01:11:31 --> Session: Class initialized using 'CodeIgniter\Session\Handlers\FileHandler' driver.
INFO - 2024-11-13 01:11:31 --> Session: Class initialized using 'CodeIgniter\Session\Handlers\FileHandler' driver.
INFO - 2024-11-13 01:11:34 --> Session: Class initialized using 'CodeIgniter\Session\Handlers\FileHandler' driver.
INFO - 2024-11-13 01:11:34 --> Session: Class initialized using 'CodeIgniter\Session\Handlers\FileHandler' driver.
INFO - 2024-11-13 01:11:36 --> Session: Class initialized using 'CodeIgniter\Session\Handlers\FileHandler' driver.
CRITICAL - 2024-11-13 01:11:36 --> ErrorException: Undefined variable $title
in APPPATH\Views\admin\barang\barang_detail.php on line 9.
 1 APPPATH\Views\admin\barang\barang_detail.php(9): CodeIgniter\Debug\Exceptions->errorHandler(2, 'Undefined variable $title', 'C:\\xampp\\htdocs\\tokoplastik\\app\\Views\\admin\\barang\\barang_detail.php', 9)
 2 SYSTEMPATH\View\View.php(228): include('C:\\xampp\\htdocs\\tokoplastik\\app\\Views\\admin\\barang\\barang_detail.php')
 3 SYSTEMPATH\View\View.php(231): CodeIgniter\View\View->CodeIgniter\View\{closure}()
 4 SYSTEMPATH\Common.php(1178): CodeIgniter\View\View->render('admin/barang/barang_detail', [], true)
 5 APPPATH\Controllers\AdminBarang.php(403): view('admin/barang/barang_detail', [...])
 6 SYSTEMPATH\CodeIgniter.php(941): App\Controllers\AdminBarang->barangDetail('2')
 7 SYSTEMPATH\CodeIgniter.php(502): CodeIgniter\CodeIgniter->runController(Object(App\Controllers\AdminBarang))
 8 SYSTEMPATH\CodeIgniter.php(361): CodeIgniter\CodeIgniter->handleRequest(null, Object(Config\Cache), false)
 9 FCPATH\index.php(79): CodeIgniter\CodeIgniter->run()
INFO - 2024-11-13 01:11:55 --> Session: Class initialized using 'CodeIgniter\Session\Handlers\FileHandler' driver.
CRITICAL - 2024-11-13 01:11:56 --> ErrorException: Undefined variable $tampilKategori
in APPPATH\Views\admin\barang\barang_detail.php on line 52.
 1 APPPATH\Views\admin\barang\barang_detail.php(52): CodeIgniter\Debug\Exceptions->errorHandler(2, 'Undefined variable $tampilKategori', 'C:\\xampp\\htdocs\\tokoplastik\\app\\Views\\admin\\barang\\barang_detail.php', 52)
 2 SYSTEMPATH\View\View.php(228): include('C:\\xampp\\htdocs\\tokoplastik\\app\\Views\\admin\\barang\\barang_detail.php')
 3 SYSTEMPATH\View\View.php(231): CodeIgniter\View\View->CodeIgniter\View\{closure}()
 4 SYSTEMPATH\Common.php(1178): CodeIgniter\View\View->render('admin/barang/barang_detail', [], true)
 5 APPPATH\Controllers\AdminBarang.php(406): view('admin/barang/barang_detail', [...])
 6 SYSTEMPATH\CodeIgniter.php(941): App\Controllers\AdminBarang->barangDetail('2')
 7 SYSTEMPATH\CodeIgniter.php(502): CodeIgniter\CodeIgniter->runController(Object(App\Controllers\AdminBarang))
 8 SYSTEMPATH\CodeIgniter.php(361): CodeIgniter\CodeIgniter->handleRequest(null, Object(Config\Cache), false)
 9 FCPATH\index.php(79): CodeIgniter\CodeIgniter->run()
INFO - 2024-11-13 01:19:59 --> Session: Class initialized using 'CodeIgniter\Session\Handlers\FileHandler' driver.
INFO - 2024-11-13 01:21:56 --> Session: Class initialized using 'CodeIgniter\Session\Handlers\FileHandler' driver.
CRITICAL - 2024-11-13 01:21:56 --> ErrorException: Undefined variable $katnama
in APPPATH\Views\admin\barang\barang_detail.php on line 43.
 1 APPPATH\Views\admin\barang\barang_detail.php(43): CodeIgniter\Debug\Exceptions->errorHandler(2, 'Undefined variable $katnama', 'C:\\xampp\\htdocs\\tokoplastik\\app\\Views\\admin\\barang\\barang_detail.php', 43)
 2 SYSTEMPATH\View\View.php(228): include('C:\\xampp\\htdocs\\tokoplastik\\app\\Views\\admin\\barang\\barang_detail.php')
 3 SYSTEMPATH\View\View.php(231): CodeIgniter\View\View->CodeIgniter\View\{closure}()
 4 SYSTEMPATH\Common.php(1178): CodeIgniter\View\View->render('admin/barang/barang_detail', [], true)
 5 APPPATH\Controllers\AdminBarang.php(406): view('admin/barang/barang_detail', [...])
 6 SYSTEMPATH\CodeIgniter.php(941): App\Controllers\AdminBarang->barangDetail('2')
 7 SYSTEMPATH\CodeIgniter.php(502): CodeIgniter\CodeIgniter->runController(Object(App\Controllers\AdminBarang))
 8 SYSTEMPATH\CodeIgniter.php(361): CodeIgniter\CodeIgniter->handleRequest(null, Object(Config\Cache), false)
 9 FCPATH\index.php(79): CodeIgniter\CodeIgniter->run()
INFO - 2024-11-13 01:22:26 --> Session: Class initialized using 'CodeIgniter\Session\Handlers\FileHandler' driver.
INFO - 2024-11-13 01:23:38 --> Session: Class initialized using 'CodeIgniter\Session\Handlers\FileHandler' driver.
INFO - 2024-11-13 01:24:31 --> Session: Class initialized using 'CodeIgniter\Session\Handlers\FileHandler' driver.
INFO - 2024-11-13 01:24:48 --> Session: Class initialized using 'CodeIgniter\Session\Handlers\FileHandler' driver.
INFO - 2024-11-13 01:24:57 --> Session: Class initialized using 'CodeIgniter\Session\Handlers\FileHandler' driver.
INFO - 2024-11-13 01:31:44 --> Session: Class initialized using 'CodeIgniter\Session\Handlers\FileHandler' driver.
INFO - 2024-11-13 01:32:58 --> Session: Class initialized using 'CodeIgniter\Session\Handlers\FileHandler' driver.
INFO - 2024-11-13 01:33:43 --> Session: Class initialized using 'CodeIgniter\Session\Handlers\FileHandler' driver.
INFO - 2024-11-13 01:33:43 --> Session: Class initialized using 'CodeIgniter\Session\Handlers\FileHandler' driver.
INFO - 2024-11-13 01:33:48 --> Session: Class initialized using 'CodeIgniter\Session\Handlers\FileHandler' driver.
INFO - 2024-11-13 01:35:01 --> Session: Class initialized using 'CodeIgniter\Session\Handlers\FileHandler' driver.
INFO - 2024-11-13 01:35:46 --> Session: Class initialized using 'CodeIgniter\Session\Handlers\FileHandler' driver.
INFO - 2024-11-13 01:35:54 --> Session: Class initialized using 'CodeIgniter\Session\Handlers\FileHandler' driver.
INFO - 2024-11-13 01:38:16 --> Session: Class initialized using 'CodeIgniter\Session\Handlers\FileHandler' driver.
INFO - 2024-11-13 01:38:40 --> Session: Class initialized using 'CodeIgniter\Session\Handlers\FileHandler' driver.
CRITICAL - 2024-11-13 01:38:40 --> TypeError: Cannot access offset of type string on string
in APPPATH\Views\admin\barang\barang_detail.php on line 57.
 1 SYSTEMPATH\View\View.php(228): include()
 2 SYSTEMPATH\View\View.php(231): CodeIgniter\View\View->CodeIgniter\View\{closure}()
 3 SYSTEMPATH\Common.php(1178): CodeIgniter\View\View->render('admin/barang/barang_detail', [], true)
 4 APPPATH\Controllers\AdminBarang.php(410): view('admin/barang/barang_detail', [...])
 5 SYSTEMPATH\CodeIgniter.php(941): App\Controllers\AdminBarang->barangDetail('2')
 6 SYSTEMPATH\CodeIgniter.php(502): CodeIgniter\CodeIgniter->runController(Object(App\Controllers\AdminBarang))
 7 SYSTEMPATH\CodeIgniter.php(361): CodeIgniter\CodeIgniter->handleRequest(null, Object(Config\Cache), false)
 8 FCPATH\index.php(79): CodeIgniter\CodeIgniter->run()
INFO - 2024-11-13 01:38:59 --> Session: Class initialized using 'CodeIgniter\Session\Handlers\FileHandler' driver.
CRITICAL - 2024-11-13 01:38:59 --> TypeError: Cannot access offset of type string on string
in APPPATH\Views\admin\barang\barang_detail.php on line 57.
 1 SYSTEMPATH\View\View.php(228): include()
 2 SYSTEMPATH\View\View.php(231): CodeIgniter\View\View->CodeIgniter\View\{closure}()
 3 SYSTEMPATH\Common.php(1178): CodeIgniter\View\View->render('admin/barang/barang_detail', [], true)
 4 APPPATH\Controllers\AdminBarang.php(410): view('admin/barang/barang_detail', [...])
 5 SYSTEMPATH\CodeIgniter.php(941): App\Controllers\AdminBarang->barangDetail('2')
 6 SYSTEMPATH\CodeIgniter.php(502): CodeIgniter\CodeIgniter->runController(Object(App\Controllers\AdminBarang))
 7 SYSTEMPATH\CodeIgniter.php(361): CodeIgniter\CodeIgniter->handleRequest(null, Object(Config\Cache), false)
 8 FCPATH\index.php(79): CodeIgniter\CodeIgniter->run()
INFO - 2024-11-13 01:39:26 --> Session: Class initialized using 'CodeIgniter\Session\Handlers\FileHandler' driver.
CRITICAL - 2024-11-13 01:39:26 --> TypeError: Cannot access offset of type string on string
in APPPATH\Views\admin\barang\barang_detail.php on line 57.
 1 SYSTEMPATH\View\View.php(228): include()
 2 SYSTEMPATH\View\View.php(231): CodeIgniter\View\View->CodeIgniter\View\{closure}()
 3 SYSTEMPATH\Common.php(1178): CodeIgniter\View\View->render('admin/barang/barang_detail', [], true)
 4 APPPATH\Controllers\AdminBarang.php(410): view('admin/barang/barang_detail', [...])
 5 SYSTEMPATH\CodeIgniter.php(941): App\Controllers\AdminBarang->barangDetail('2')
 6 SYSTEMPATH\CodeIgniter.php(502): CodeIgniter\CodeIgniter->runController(Object(App\Controllers\AdminBarang))
 7 SYSTEMPATH\CodeIgniter.php(361): CodeIgniter\CodeIgniter->handleRequest(null, Object(Config\Cache), false)
 8 FCPATH\index.php(79): CodeIgniter\CodeIgniter->run()
INFO - 2024-11-13 01:40:00 --> Session: Class initialized using 'CodeIgniter\Session\Handlers\FileHandler' driver.
INFO - 2024-11-13 01:40:12 --> Session: Class initialized using 'CodeIgniter\Session\Handlers\FileHandler' driver.
INFO - 2024-11-13 01:41:10 --> Session: Class initialized using 'CodeIgniter\Session\Handlers\FileHandler' driver.
INFO - 2024-11-13 01:41:18 --> Session: Class initialized using 'CodeIgniter\Session\Handlers\FileHandler' driver.
INFO - 2024-11-13 01:42:04 --> Session: Class initialized using 'CodeIgniter\Session\Handlers\FileHandler' driver.
CRITICAL - 2024-11-13 01:42:04 --> ErrorException: Undefined variable $satlabel
in APPPATH\Views\admin\barang\barang_detail.php on line 34.
 1 APPPATH\Views\admin\barang\barang_detail.php(34): CodeIgniter\Debug\Exceptions->errorHandler(2, 'Undefined variable $satlabel', 'C:\\xampp\\htdocs\\tokoplastik\\app\\Views\\admin\\barang\\barang_detail.php', 34)
 2 SYSTEMPATH\View\View.php(228): include('C:\\xampp\\htdocs\\tokoplastik\\app\\Views\\admin\\barang\\barang_detail.php')
 3 SYSTEMPATH\View\View.php(231): CodeIgniter\View\View->CodeIgniter\View\{closure}()
 4 SYSTEMPATH\Common.php(1178): CodeIgniter\View\View->render('admin/barang/barang_detail', [], true)
 5 APPPATH\Controllers\AdminBarang.php(410): view('admin/barang/barang_detail', [...])
 6 SYSTEMPATH\CodeIgniter.php(941): App\Controllers\AdminBarang->barangDetail('2')
 7 SYSTEMPATH\CodeIgniter.php(502): CodeIgniter\CodeIgniter->runController(Object(App\Controllers\AdminBarang))
 8 SYSTEMPATH\CodeIgniter.php(361): CodeIgniter\CodeIgniter->handleRequest(null, Object(Config\Cache), false)
 9 FCPATH\index.php(79): CodeIgniter\CodeIgniter->run()
INFO - 2024-11-13 01:42:22 --> Session: Class initialized using 'CodeIgniter\Session\Handlers\FileHandler' driver.
INFO - 2024-11-13 01:44:41 --> Session: Class initialized using 'CodeIgniter\Session\Handlers\FileHandler' driver.
INFO - 2024-11-13 01:45:28 --> Session: Class initialized using 'CodeIgniter\Session\Handlers\FileHandler' driver.
INFO - 2024-11-13 01:45:57 --> Session: Class initialized using 'CodeIgniter\Session\Handlers\FileHandler' driver.
INFO - 2024-11-13 01:46:08 --> Session: Class initialized using 'CodeIgniter\Session\Handlers\FileHandler' driver.
INFO - 2024-11-13 01:46:09 --> Session: Class initialized using 'CodeIgniter\Session\Handlers\FileHandler' driver.
INFO - 2024-11-13 01:46:10 --> Session: Class initialized using 'CodeIgniter\Session\Handlers\FileHandler' driver.
INFO - 2024-11-13 01:46:11 --> Session: Class initialized using 'CodeIgniter\Session\Handlers\FileHandler' driver.
INFO - 2024-11-13 01:46:49 --> Session: Class initialized using 'CodeIgniter\Session\Handlers\FileHandler' driver.
INFO - 2024-11-13 01:47:11 --> Session: Class initialized using 'CodeIgniter\Session\Handlers\FileHandler' driver.
INFO - 2024-11-13 01:47:24 --> Session: Class initialized using 'CodeIgniter\Session\Handlers\FileHandler' driver.
INFO - 2024-11-13 01:47:24 --> Session: Class initialized using 'CodeIgniter\Session\Handlers\FileHandler' driver.
INFO - 2024-11-13 01:47:37 --> Session: Class initialized using 'CodeIgniter\Session\Handlers\FileHandler' driver.
INFO - 2024-11-13 01:47:37 --> Session: Class initialized using 'CodeIgniter\Session\Handlers\FileHandler' driver.
INFO - 2024-11-13 01:47:39 --> Session: Class initialized using 'CodeIgniter\Session\Handlers\FileHandler' driver.
INFO - 2024-11-13 01:49:14 --> Session: Class initialized using 'CodeIgniter\Session\Handlers\FileHandler' driver.
INFO - 2024-11-13 01:49:14 --> Session: Class initialized using 'CodeIgniter\Session\Handlers\FileHandler' driver.
INFO - 2024-11-13 01:49:35 --> Session: Class initialized using 'CodeIgniter\Session\Handlers\FileHandler' driver.
INFO - 2024-11-13 01:50:02 --> Session: Class initialized using 'CodeIgniter\Session\Handlers\FileHandler' driver.
INFO - 2024-11-13 01:50:14 --> Session: Class initialized using 'CodeIgniter\Session\Handlers\FileHandler' driver.
INFO - 2024-11-13 01:50:54 --> Session: Class initialized using 'CodeIgniter\Session\Handlers\FileHandler' driver.
INFO - 2024-11-13 01:51:08 --> Session: Class initialized using 'CodeIgniter\Session\Handlers\FileHandler' driver.
INFO - 2024-11-13 01:51:45 --> Session: Class initialized using 'CodeIgniter\Session\Handlers\FileHandler' driver.
INFO - 2024-11-13 01:51:45 --> Session: Class initialized using 'CodeIgniter\Session\Handlers\FileHandler' driver.
INFO - 2024-11-13 01:51:46 --> Session: Class initialized using 'CodeIgniter\Session\Handlers\FileHandler' driver.
INFO - 2024-11-13 01:52:25 --> Session: Class initialized using 'CodeIgniter\Session\Handlers\FileHandler' driver.
INFO - 2024-11-13 01:52:44 --> Session: Class initialized using 'CodeIgniter\Session\Handlers\FileHandler' driver.
INFO - 2024-11-13 01:52:50 --> Session: Class initialized using 'CodeIgniter\Session\Handlers\FileHandler' driver.
INFO - 2024-11-13 01:53:32 --> Session: Class initialized using 'CodeIgniter\Session\Handlers\FileHandler' driver.
INFO - 2024-11-13 01:54:51 --> Session: Class initialized using 'CodeIgniter\Session\Handlers\FileHandler' driver.
INFO - 2024-11-13 01:54:59 --> Session: Class initialized using 'CodeIgniter\Session\Handlers\FileHandler' driver.
INFO - 2024-11-13 01:58:50 --> Session: Class initialized using 'CodeIgniter\Session\Handlers\FileHandler' driver.
INFO - 2024-11-13 02:00:10 --> Session: Class initialized using 'CodeIgniter\Session\Handlers\FileHandler' driver.
INFO - 2024-11-13 02:02:57 --> Session: Class initialized using 'CodeIgniter\Session\Handlers\FileHandler' driver.
INFO - 2024-11-13 02:06:15 --> Session: Class initialized using 'CodeIgniter\Session\Handlers\FileHandler' driver.
INFO - 2024-11-13 02:26:06 --> Session: Class initialized using 'CodeIgniter\Session\Handlers\FileHandler' driver.
INFO - 2024-11-13 02:26:08 --> Session: Class initialized using 'CodeIgniter\Session\Handlers\FileHandler' driver.
INFO - 2024-11-13 02:31:36 --> Session: Class initialized using 'CodeIgniter\Session\Handlers\FileHandler' driver.
INFO - 2024-11-13 02:31:38 --> Session: Class initialized using 'CodeIgniter\Session\Handlers\FileHandler' driver.
INFO - 2024-11-13 02:31:47 --> Session: Class initialized using 'CodeIgniter\Session\Handlers\FileHandler' driver.
INFO - 2024-11-13 02:31:48 --> Session: Class initialized using 'CodeIgniter\Session\Handlers\FileHandler' driver.
INFO - 2024-11-13 02:39:37 --> Session: Class initialized using 'CodeIgniter\Session\Handlers\FileHandler' driver.
INFO - 2024-11-13 02:39:39 --> Session: Class initialized using 'CodeIgniter\Session\Handlers\FileHandler' driver.
INFO - 2024-11-13 02:40:12 --> Session: Class initialized using 'CodeIgniter\Session\Handlers\FileHandler' driver.
INFO - 2024-11-13 02:40:16 --> Session: Class initialized using 'CodeIgniter\Session\Handlers\FileHandler' driver.
INFO - 2024-11-13 02:40:17 --> Session: Class initialized using 'CodeIgniter\Session\Handlers\FileHandler' driver.
INFO - 2024-11-13 02:40:33 --> Session: Class initialized using 'CodeIgniter\Session\Handlers\FileHandler' driver.
INFO - 2024-11-13 02:40:35 --> Session: Class initialized using 'CodeIgniter\Session\Handlers\FileHandler' driver.
INFO - 2024-11-13 02:42:36 --> Session: Class initialized using 'CodeIgniter\Session\Handlers\FileHandler' driver.
INFO - 2024-11-13 02:43:59 --> Session: Class initialized using 'CodeIgniter\Session\Handlers\FileHandler' driver.
INFO - 2024-11-13 02:44:18 --> Session: Class initialized using 'CodeIgniter\Session\Handlers\FileHandler' driver.
INFO - 2024-11-13 02:44:30 --> Session: Class initialized using 'CodeIgniter\Session\Handlers\FileHandler' driver.
INFO - 2024-11-13 02:44:31 --> Session: Class initialized using 'CodeIgniter\Session\Handlers\FileHandler' driver.
INFO - 2024-11-13 02:49:10 --> Session: Class initialized using 'CodeIgniter\Session\Handlers\FileHandler' driver.
INFO - 2024-11-13 02:49:16 --> Session: Class initialized using 'CodeIgniter\Session\Handlers\FileHandler' driver.
INFO - 2024-11-13 02:49:18 --> Session: Class initialized using 'CodeIgniter\Session\Handlers\FileHandler' driver.
INFO - 2024-11-13 02:50:33 --> Session: Class initialized using 'CodeIgniter\Session\Handlers\FileHandler' driver.
INFO - 2024-11-13 02:50:34 --> Session: Class initialized using 'CodeIgniter\Session\Handlers\FileHandler' driver.
INFO - 2024-11-13 02:50:36 --> Session: Class initialized using 'CodeIgniter\Session\Handlers\FileHandler' driver.
INFO - 2024-11-13 02:51:01 --> Session: Class initialized using 'CodeIgniter\Session\Handlers\FileHandler' driver.
INFO - 2024-11-13 02:51:03 --> Session: Class initialized using 'CodeIgniter\Session\Handlers\FileHandler' driver.
INFO - 2024-11-13 02:51:04 --> Session: Class initialized using 'CodeIgniter\Session\Handlers\FileHandler' driver.
INFO - 2024-11-13 02:54:34 --> Session: Class initialized using 'CodeIgniter\Session\Handlers\FileHandler' driver.
INFO - 2024-11-13 02:54:35 --> Session: Class initialized using 'CodeIgniter\Session\Handlers\FileHandler' driver.
INFO - 2024-11-13 02:54:36 --> Session: Class initialized using 'CodeIgniter\Session\Handlers\FileHandler' driver.
INFO - 2024-11-13 02:55:22 --> Session: Class initialized using 'CodeIgniter\Session\Handlers\FileHandler' driver.
INFO - 2024-11-13 02:55:24 --> Session: Class initialized using 'CodeIgniter\Session\Handlers\FileHandler' driver.
INFO - 2024-11-13 02:55:59 --> Session: Class initialized using 'CodeIgniter\Session\Handlers\FileHandler' driver.
INFO - 2024-11-13 02:56:01 --> Session: Class initialized using 'CodeIgniter\Session\Handlers\FileHandler' driver.
INFO - 2024-11-13 02:56:03 --> Session: Class initialized using 'CodeIgniter\Session\Handlers\FileHandler' driver.
INFO - 2024-11-13 02:56:04 --> Session: Class initialized using 'CodeIgniter\Session\Handlers\FileHandler' driver.
INFO - 2024-11-13 02:58:46 --> Session: Class initialized using 'CodeIgniter\Session\Handlers\FileHandler' driver.
INFO - 2024-11-13 02:58:50 --> Session: Class initialized using 'CodeIgniter\Session\Handlers\FileHandler' driver.
INFO - 2024-11-13 02:59:24 --> Session: Class initialized using 'CodeIgniter\Session\Handlers\FileHandler' driver.
INFO - 2024-11-13 02:59:52 --> Session: Class initialized using 'CodeIgniter\Session\Handlers\FileHandler' driver.
INFO - 2024-11-13 02:59:55 --> Session: Class initialized using 'CodeIgniter\Session\Handlers\FileHandler' driver.
INFO - 2024-11-13 02:59:58 --> Session: Class initialized using 'CodeIgniter\Session\Handlers\FileHandler' driver.
INFO - 2024-11-13 03:00:01 --> Session: Class initialized using 'CodeIgniter\Session\Handlers\FileHandler' driver.
INFO - 2024-11-13 03:00:03 --> Session: Class initialized using 'CodeIgniter\Session\Handlers\FileHandler' driver.
INFO - 2024-11-13 03:00:05 --> Session: Class initialized using 'CodeIgniter\Session\Handlers\FileHandler' driver.
INFO - 2024-11-13 03:00:08 --> Session: Class initialized using 'CodeIgniter\Session\Handlers\FileHandler' driver.
INFO - 2024-11-13 03:00:09 --> Session: Class initialized using 'CodeIgniter\Session\Handlers\FileHandler' driver.
INFO - 2024-11-13 03:00:13 --> Session: Class initialized using 'CodeIgniter\Session\Handlers\FileHandler' driver.
INFO - 2024-11-13 03:00:16 --> Session: Class initialized using 'CodeIgniter\Session\Handlers\FileHandler' driver.
INFO - 2024-11-13 03:00:58 --> Session: Class initialized using 'CodeIgniter\Session\Handlers\FileHandler' driver.
INFO - 2024-11-13 03:01:05 --> Session: Class initialized using 'CodeIgniter\Session\Handlers\FileHandler' driver.
INFO - 2024-11-13 03:06:33 --> Session: Class initialized using 'CodeIgniter\Session\Handlers\FileHandler' driver.
INFO - 2024-11-13 03:06:33 --> Session: Class initialized using 'CodeIgniter\Session\Handlers\FileHandler' driver.
INFO - 2024-11-13 03:07:31 --> Session: Class initialized using 'CodeIgniter\Session\Handlers\FileHandler' driver.
INFO - 2024-11-13 04:49:18 --> Session: Class initialized using 'CodeIgniter\Session\Handlers\FileHandler' driver.
INFO - 2024-11-13 04:49:18 --> Session: Class initialized using 'CodeIgniter\Session\Handlers\FileHandler' driver.
INFO - 2024-11-13 06:18:15 --> Session: Class initialized using 'CodeIgniter\Session\Handlers\FileHandler' driver.
INFO - 2024-11-13 06:24:28 --> Session: Class initialized using 'CodeIgniter\Session\Handlers\FileHandler' driver.
INFO - 2024-11-13 06:24:30 --> Session: Class initialized using 'CodeIgniter\Session\Handlers\FileHandler' driver.
INFO - 2024-11-13 06:24:34 --> Session: Class initialized using 'CodeIgniter\Session\Handlers\FileHandler' driver.
INFO - 2024-11-13 06:24:44 --> Session: Class initialized using 'CodeIgniter\Session\Handlers\FileHandler' driver.
INFO - 2024-11-13 06:25:12 --> Session: Class initialized using 'CodeIgniter\Session\Handlers\FileHandler' driver.
INFO - 2024-11-13 06:33:26 --> Session: Class initialized using 'CodeIgniter\Session\Handlers\FileHandler' driver.
INFO - 2024-11-13 06:33:27 --> Session: Class initialized using 'CodeIgniter\Session\Handlers\FileHandler' driver.
INFO - 2024-11-13 06:33:46 --> Session: Class initialized using 'CodeIgniter\Session\Handlers\FileHandler' driver.
INFO - 2024-11-13 06:34:00 --> Session: Class initialized using 'CodeIgniter\Session\Handlers\FileHandler' driver.
INFO - 2024-11-13 06:34:06 --> Session: Class initialized using 'CodeIgniter\Session\Handlers\FileHandler' driver.
INFO - 2024-11-13 06:34:20 --> Session: Class initialized using 'CodeIgniter\Session\Handlers\FileHandler' driver.
INFO - 2024-11-13 06:34:20 --> Session: Class initialized using 'CodeIgniter\Session\Handlers\FileHandler' driver.
INFO - 2024-11-13 06:34:21 --> Session: Class initialized using 'CodeIgniter\Session\Handlers\FileHandler' driver.
INFO - 2024-11-13 06:34:24 --> Session: Class initialized using 'CodeIgniter\Session\Handlers\FileHandler' driver.
INFO - 2024-11-13 06:34:24 --> Session: Class initialized using 'CodeIgniter\Session\Handlers\FileHandler' driver.
INFO - 2024-11-13 06:34:26 --> Session: Class initialized using 'CodeIgniter\Session\Handlers\FileHandler' driver.
INFO - 2024-11-13 06:58:06 --> Session: Class initialized using 'CodeIgniter\Session\Handlers\FileHandler' driver.
INFO - 2024-11-13 06:58:12 --> Session: Class initialized using 'CodeIgniter\Session\Handlers\FileHandler' driver.
INFO - 2024-11-13 06:58:15 --> Session: Class initialized using 'CodeIgniter\Session\Handlers\FileHandler' driver.
INFO - 2024-11-13 06:58:15 --> Session: Class initialized using 'CodeIgniter\Session\Handlers\FileHandler' driver.
INFO - 2024-11-13 06:58:23 --> Session: Class initialized using 'CodeIgniter\Session\Handlers\FileHandler' driver.
INFO - 2024-11-13 06:58:27 --> Session: Class initialized using 'CodeIgniter\Session\Handlers\FileHandler' driver.
INFO - 2024-11-13 06:58:27 --> Session: Class initialized using 'CodeIgniter\Session\Handlers\FileHandler' driver.
INFO - 2024-11-13 06:58:53 --> Session: Class initialized using 'CodeIgniter\Session\Handlers\FileHandler' driver.
ERROR - 2024-11-13 06:58:53 --> mysqli_sql_exception: Unknown column 'brgstock' in 'where clause' in C:\xampp\htdocs\tokoplastik\system\Database\MySQLi\Connection.php:306
Stack trace:
#0 C:\xampp\htdocs\tokoplastik\system\Database\MySQLi\Connection.php(306): mysqli->query('SELECT *\nFROM `...', 0)
#1 C:\xampp\htdocs\tokoplastik\system\Database\BaseConnection.php(693): CodeIgniter\Database\MySQLi\Connection->execute('SELECT *\nFROM `...')
#2 C:\xampp\htdocs\tokoplastik\system\Database\BaseConnection.php(607): CodeIgniter\Database\BaseConnection->simpleQuery('SELECT *\nFROM `...')
#3 C:\xampp\htdocs\tokoplastik\system\Database\BaseBuilder.php(1616): CodeIgniter\Database\BaseConnection->query('SELECT *\nFROM `...', Array, false)
#4 C:\xampp\htdocs\tokoplastik\app\Models\ModelBarangPagination.php(55): CodeIgniter\Database\BaseBuilder->get()
#5 C:\xampp\htdocs\tokoplastik\app\Controllers\AdminBarang.php(32): App\Models\ModelBarangPagination->get_datatables()
#6 C:\xampp\htdocs\tokoplastik\system\CodeIgniter.php(941): App\Controllers\AdminBarang->listDataBarang()
#7 C:\xampp\htdocs\tokoplastik\system\CodeIgniter.php(502): CodeIgniter\CodeIgniter->runController(Object(App\Controllers\AdminBarang))
#8 C:\xampp\htdocs\tokoplastik\system\CodeIgniter.php(361): CodeIgniter\CodeIgniter->handleRequest(NULL, Object(Config\Cache), false)
#9 C:\xampp\htdocs\tokoplastik\public\index.php(79): CodeIgniter\CodeIgniter->run()
#10 {main}
CRITICAL - 2024-11-13 06:58:53 --> CodeIgniter\Database\Exceptions\DatabaseException: Unknown column 'brgstock' in 'where clause'
in SYSTEMPATH\Database\BaseConnection.php on line 647.
 1 SYSTEMPATH\Database\BaseBuilder.php(1616): CodeIgniter\Database\BaseConnection->query('SELECT *
FROM `barang`
LEFT JOIN `kategori` ON `brgkatid`=`katid`
LEFT JOIN `satuan` ON `brgsatid`=`satid`
WHERE   (
`brgnama` LIKE :brgnama: ESCAPE \'!\'
OR  `katnama` LIKE :katnama: ESCAPE \'!\'
OR  `brgmodal` LIKE :brgmodal: ESCAPE \'!\'
OR  `satnama` LIKE :satnama: ESCAPE \'!\'
OR  `brgharga` LIKE :brgharga: ESCAPE \'!\'
OR  `brgstock` LIKE :brgstock: ESCAPE \'!\'
 )
ORDER BY `brgnama` ASC, `brgnama` ASC
 LIMIT 10', [...], false)
 2 APPPATH\Models\ModelBarangPagination.php(55): CodeIgniter\Database\BaseBuilder->get()
 3 APPPATH\Controllers\AdminBarang.php(32): App\Models\ModelBarangPagination->get_datatables()
 4 SYSTEMPATH\CodeIgniter.php(941): App\Controllers\AdminBarang->listDataBarang()
 5 SYSTEMPATH\CodeIgniter.php(502): CodeIgniter\CodeIgniter->runController(Object(App\Controllers\AdminBarang))
 6 SYSTEMPATH\CodeIgniter.php(361): CodeIgniter\CodeIgniter->handleRequest(null, Object(Config\Cache), false)
 7 FCPATH\index.php(79): CodeIgniter\CodeIgniter->run()
CRITICAL - 2024-11-13 06:58:53 --> [Caused by] CodeIgniter\Database\Exceptions\DatabaseException: Unknown column 'brgstock' in 'where clause'
in SYSTEMPATH\Database\MySQLi\Connection.php on line 311.
 1 SYSTEMPATH\Database\BaseConnection.php(693): CodeIgniter\Database\MySQLi\Connection->execute('SELECT *
FROM `barang`
LEFT JOIN `kategori` ON `brgkatid`=`katid`
LEFT JOIN `satuan` ON `brgsatid`=`satid`
WHERE   (
`brgnama` LIKE \'%meses garuda%\' ESCAPE \'!\'
OR  `katnama` LIKE \'%meses garuda%\' ESCAPE \'!\'
OR  `brgmodal` LIKE \'%meses garuda%\' ESCAPE \'!\'
OR  `satnama` LIKE \'%meses garuda%\' ESCAPE \'!\'
OR  `brgharga` LIKE \'%meses garuda%\' ESCAPE \'!\'
OR  `brgstock` LIKE \'%meses garuda%\' ESCAPE \'!\'
 )
ORDER BY `brgnama` ASC, `brgnama` ASC
 LIMIT 10')
 2 SYSTEMPATH\Database\BaseConnection.php(607): CodeIgniter\Database\BaseConnection->simpleQuery('SELECT *
FROM `barang`
LEFT JOIN `kategori` ON `brgkatid`=`katid`
LEFT JOIN `satuan` ON `brgsatid`=`satid`
WHERE   (
`brgnama` LIKE \'%meses garuda%\' ESCAPE \'!\'
OR  `katnama` LIKE \'%meses garuda%\' ESCAPE \'!\'
OR  `brgmodal` LIKE \'%meses garuda%\' ESCAPE \'!\'
OR  `satnama` LIKE \'%meses garuda%\' ESCAPE \'!\'
OR  `brgharga` LIKE \'%meses garuda%\' ESCAPE \'!\'
OR  `brgstock` LIKE \'%meses garuda%\' ESCAPE \'!\'
 )
ORDER BY `brgnama` ASC, `brgnama` ASC
 LIMIT 10')
 3 SYSTEMPATH\Database\BaseBuilder.php(1616): CodeIgniter\Database\BaseConnection->query('SELECT *
FROM `barang`
LEFT JOIN `kategori` ON `brgkatid`=`katid`
LEFT JOIN `satuan` ON `brgsatid`=`satid`
WHERE   (
`brgnama` LIKE :brgnama: ESCAPE \'!\'
OR  `katnama` LIKE :katnama: ESCAPE \'!\'
OR  `brgmodal` LIKE :brgmodal: ESCAPE \'!\'
OR  `satnama` LIKE :satnama: ESCAPE \'!\'
OR  `brgharga` LIKE :brgharga: ESCAPE \'!\'
OR  `brgstock` LIKE :brgstock: ESCAPE \'!\'
 )
ORDER BY `brgnama` ASC, `brgnama` ASC
 LIMIT 10', [...], false)
 4 APPPATH\Models\ModelBarangPagination.php(55): CodeIgniter\Database\BaseBuilder->get()
 5 APPPATH\Controllers\AdminBarang.php(32): App\Models\ModelBarangPagination->get_datatables()
 6 SYSTEMPATH\CodeIgniter.php(941): App\Controllers\AdminBarang->listDataBarang()
 7 SYSTEMPATH\CodeIgniter.php(502): CodeIgniter\CodeIgniter->runController(Object(App\Controllers\AdminBarang))
 8 SYSTEMPATH\CodeIgniter.php(361): CodeIgniter\CodeIgniter->handleRequest(null, Object(Config\Cache), false)
 9 FCPATH\index.php(79): CodeIgniter\CodeIgniter->run()
CRITICAL - 2024-11-13 06:58:53 --> [Caused by] mysqli_sql_exception: Unknown column 'brgstock' in 'where clause'
in SYSTEMPATH\Database\MySQLi\Connection.php on line 306.
 1 SYSTEMPATH\Database\MySQLi\Connection.php(306): mysqli->query('SELECT *
FROM `barang`
LEFT JOIN `kategori` ON `brgkatid`=`katid`
LEFT JOIN `satuan` ON `brgsatid`=`satid`
WHERE   (
`brgnama` LIKE \'%meses garuda%\' ESCAPE \'!\'
OR  `katnama` LIKE \'%meses garuda%\' ESCAPE \'!\'
OR  `brgmodal` LIKE \'%meses garuda%\' ESCAPE \'!\'
OR  `satnama` LIKE \'%meses garuda%\' ESCAPE \'!\'
OR  `brgharga` LIKE \'%meses garuda%\' ESCAPE \'!\'
OR  `brgstock` LIKE \'%meses garuda%\' ESCAPE \'!\'
 )
ORDER BY `brgnama` ASC, `brgnama` ASC
 LIMIT 10', 0)
 2 SYSTEMPATH\Database\BaseConnection.php(693): CodeIgniter\Database\MySQLi\Connection->execute('SELECT *
FROM `barang`
LEFT JOIN `kategori` ON `brgkatid`=`katid`
LEFT JOIN `satuan` ON `brgsatid`=`satid`
WHERE   (
`brgnama` LIKE \'%meses garuda%\' ESCAPE \'!\'
OR  `katnama` LIKE \'%meses garuda%\' ESCAPE \'!\'
OR  `brgmodal` LIKE \'%meses garuda%\' ESCAPE \'!\'
OR  `satnama` LIKE \'%meses garuda%\' ESCAPE \'!\'
OR  `brgharga` LIKE \'%meses garuda%\' ESCAPE \'!\'
OR  `brgstock` LIKE \'%meses garuda%\' ESCAPE \'!\'
 )
ORDER BY `brgnama` ASC, `brgnama` ASC
 LIMIT 10')
 3 SYSTEMPATH\Database\BaseConnection.php(607): CodeIgniter\Database\BaseConnection->simpleQuery('SELECT *
FROM `barang`
LEFT JOIN `kategori` ON `brgkatid`=`katid`
LEFT JOIN `satuan` ON `brgsatid`=`satid`
WHERE   (
`brgnama` LIKE \'%meses garuda%\' ESCAPE \'!\'
OR  `katnama` LIKE \'%meses garuda%\' ESCAPE \'!\'
OR  `brgmodal` LIKE \'%meses garuda%\' ESCAPE \'!\'
OR  `satnama` LIKE \'%meses garuda%\' ESCAPE \'!\'
OR  `brgharga` LIKE \'%meses garuda%\' ESCAPE \'!\'
OR  `brgstock` LIKE \'%meses garuda%\' ESCAPE \'!\'
 )
ORDER BY `brgnama` ASC, `brgnama` ASC
 LIMIT 10')
 4 SYSTEMPATH\Database\BaseBuilder.php(1616): CodeIgniter\Database\BaseConnection->query('SELECT *
FROM `barang`
LEFT JOIN `kategori` ON `brgkatid`=`katid`
LEFT JOIN `satuan` ON `brgsatid`=`satid`
WHERE   (
`brgnama` LIKE :brgnama: ESCAPE \'!\'
OR  `katnama` LIKE :katnama: ESCAPE \'!\'
OR  `brgmodal` LIKE :brgmodal: ESCAPE \'!\'
OR  `satnama` LIKE :satnama: ESCAPE \'!\'
OR  `brgharga` LIKE :brgharga: ESCAPE \'!\'
OR  `brgstock` LIKE :brgstock: ESCAPE \'!\'
 )
ORDER BY `brgnama` ASC, `brgnama` ASC
 LIMIT 10', [...], false)
 5 APPPATH\Models\ModelBarangPagination.php(55): CodeIgniter\Database\BaseBuilder->get()
 6 APPPATH\Controllers\AdminBarang.php(32): App\Models\ModelBarangPagination->get_datatables()
 7 SYSTEMPATH\CodeIgniter.php(941): App\Controllers\AdminBarang->listDataBarang()
 8 SYSTEMPATH\CodeIgniter.php(502): CodeIgniter\CodeIgniter->runController(Object(App\Controllers\AdminBarang))
 9 SYSTEMPATH\CodeIgniter.php(361): CodeIgniter\CodeIgniter->handleRequest(null, Object(Config\Cache), false)
10 FCPATH\index.php(79): CodeIgniter\CodeIgniter->run()
INFO - 2024-11-13 06:59:26 --> Session: Class initialized using 'CodeIgniter\Session\Handlers\FileHandler' driver.
INFO - 2024-11-13 06:59:26 --> Session: Class initialized using 'CodeIgniter\Session\Handlers\FileHandler' driver.
INFO - 2024-11-13 06:59:28 --> Session: Class initialized using 'CodeIgniter\Session\Handlers\FileHandler' driver.
ERROR - 2024-11-13 06:59:28 --> mysqli_sql_exception: Unknown column 'brgstock' in 'where clause' in C:\xampp\htdocs\tokoplastik\system\Database\MySQLi\Connection.php:306
Stack trace:
#0 C:\xampp\htdocs\tokoplastik\system\Database\MySQLi\Connection.php(306): mysqli->query('SELECT *\nFROM `...', 0)
#1 C:\xampp\htdocs\tokoplastik\system\Database\BaseConnection.php(693): CodeIgniter\Database\MySQLi\Connection->execute('SELECT *\nFROM `...')
#2 C:\xampp\htdocs\tokoplastik\system\Database\BaseConnection.php(607): CodeIgniter\Database\BaseConnection->simpleQuery('SELECT *\nFROM `...')
#3 C:\xampp\htdocs\tokoplastik\system\Database\BaseBuilder.php(1616): CodeIgniter\Database\BaseConnection->query('SELECT *\nFROM `...', Array, false)
#4 C:\xampp\htdocs\tokoplastik\app\Models\ModelBarangPagination.php(55): CodeIgniter\Database\BaseBuilder->get()
#5 C:\xampp\htdocs\tokoplastik\app\Controllers\AdminBarang.php(32): App\Models\ModelBarangPagination->get_datatables()
#6 C:\xampp\htdocs\tokoplastik\system\CodeIgniter.php(941): App\Controllers\AdminBarang->listDataBarang()
#7 C:\xampp\htdocs\tokoplastik\system\CodeIgniter.php(502): CodeIgniter\CodeIgniter->runController(Object(App\Controllers\AdminBarang))
#8 C:\xampp\htdocs\tokoplastik\system\CodeIgniter.php(361): CodeIgniter\CodeIgniter->handleRequest(NULL, Object(Config\Cache), false)
#9 C:\xampp\htdocs\tokoplastik\public\index.php(79): CodeIgniter\CodeIgniter->run()
#10 {main}
CRITICAL - 2024-11-13 06:59:28 --> CodeIgniter\Database\Exceptions\DatabaseException: Unknown column 'brgstock' in 'where clause'
in SYSTEMPATH\Database\BaseConnection.php on line 647.
 1 SYSTEMPATH\Database\BaseBuilder.php(1616): CodeIgniter\Database\BaseConnection->query('SELECT *
FROM `barang`
LEFT JOIN `kategori` ON `brgkatid`=`katid`
LEFT JOIN `satuan` ON `brgsatid`=`satid`
WHERE   (
`brgnama` LIKE :brgnama: ESCAPE \'!\'
OR  `katnama` LIKE :katnama: ESCAPE \'!\'
OR  `brgmodal` LIKE :brgmodal: ESCAPE \'!\'
OR  `satnama` LIKE :satnama: ESCAPE \'!\'
OR  `brgharga` LIKE :brgharga: ESCAPE \'!\'
OR  `brgstock` LIKE :brgstock: ESCAPE \'!\'
 )
ORDER BY `brgnama` ASC, `brgnama` ASC
 LIMIT 10', [...], false)
 2 APPPATH\Models\ModelBarangPagination.php(55): CodeIgniter\Database\BaseBuilder->get()
 3 APPPATH\Controllers\AdminBarang.php(32): App\Models\ModelBarangPagination->get_datatables()
 4 SYSTEMPATH\CodeIgniter.php(941): App\Controllers\AdminBarang->listDataBarang()
 5 SYSTEMPATH\CodeIgniter.php(502): CodeIgniter\CodeIgniter->runController(Object(App\Controllers\AdminBarang))
 6 SYSTEMPATH\CodeIgniter.php(361): CodeIgniter\CodeIgniter->handleRequest(null, Object(Config\Cache), false)
 7 FCPATH\index.php(79): CodeIgniter\CodeIgniter->run()
CRITICAL - 2024-11-13 06:59:28 --> [Caused by] CodeIgniter\Database\Exceptions\DatabaseException: Unknown column 'brgstock' in 'where clause'
in SYSTEMPATH\Database\MySQLi\Connection.php on line 311.
 1 SYSTEMPATH\Database\BaseConnection.php(693): CodeIgniter\Database\MySQLi\Connection->execute('SELECT *
FROM `barang`
LEFT JOIN `kategori` ON `brgkatid`=`katid`
LEFT JOIN `satuan` ON `brgsatid`=`satid`
WHERE   (
`brgnama` LIKE \'%meses garuda%\' ESCAPE \'!\'
OR  `katnama` LIKE \'%meses garuda%\' ESCAPE \'!\'
OR  `brgmodal` LIKE \'%meses garuda%\' ESCAPE \'!\'
OR  `satnama` LIKE \'%meses garuda%\' ESCAPE \'!\'
OR  `brgharga` LIKE \'%meses garuda%\' ESCAPE \'!\'
OR  `brgstock` LIKE \'%meses garuda%\' ESCAPE \'!\'
 )
ORDER BY `brgnama` ASC, `brgnama` ASC
 LIMIT 10')
 2 SYSTEMPATH\Database\BaseConnection.php(607): CodeIgniter\Database\BaseConnection->simpleQuery('SELECT *
FROM `barang`
LEFT JOIN `kategori` ON `brgkatid`=`katid`
LEFT JOIN `satuan` ON `brgsatid`=`satid`
WHERE   (
`brgnama` LIKE \'%meses garuda%\' ESCAPE \'!\'
OR  `katnama` LIKE \'%meses garuda%\' ESCAPE \'!\'
OR  `brgmodal` LIKE \'%meses garuda%\' ESCAPE \'!\'
OR  `satnama` LIKE \'%meses garuda%\' ESCAPE \'!\'
OR  `brgharga` LIKE \'%meses garuda%\' ESCAPE \'!\'
OR  `brgstock` LIKE \'%meses garuda%\' ESCAPE \'!\'
 )
ORDER BY `brgnama` ASC, `brgnama` ASC
 LIMIT 10')
 3 SYSTEMPATH\Database\BaseBuilder.php(1616): CodeIgniter\Database\BaseConnection->query('SELECT *
FROM `barang`
LEFT JOIN `kategori` ON `brgkatid`=`katid`
LEFT JOIN `satuan` ON `brgsatid`=`satid`
WHERE   (
`brgnama` LIKE :brgnama: ESCAPE \'!\'
OR  `katnama` LIKE :katnama: ESCAPE \'!\'
OR  `brgmodal` LIKE :brgmodal: ESCAPE \'!\'
OR  `satnama` LIKE :satnama: ESCAPE \'!\'
OR  `brgharga` LIKE :brgharga: ESCAPE \'!\'
OR  `brgstock` LIKE :brgstock: ESCAPE \'!\'
 )
ORDER BY `brgnama` ASC, `brgnama` ASC
 LIMIT 10', [...], false)
 4 APPPATH\Models\ModelBarangPagination.php(55): CodeIgniter\Database\BaseBuilder->get()
 5 APPPATH\Controllers\AdminBarang.php(32): App\Models\ModelBarangPagination->get_datatables()
 6 SYSTEMPATH\CodeIgniter.php(941): App\Controllers\AdminBarang->listDataBarang()
 7 SYSTEMPATH\CodeIgniter.php(502): CodeIgniter\CodeIgniter->runController(Object(App\Controllers\AdminBarang))
 8 SYSTEMPATH\CodeIgniter.php(361): CodeIgniter\CodeIgniter->handleRequest(null, Object(Config\Cache), false)
 9 FCPATH\index.php(79): CodeIgniter\CodeIgniter->run()
CRITICAL - 2024-11-13 06:59:28 --> [Caused by] mysqli_sql_exception: Unknown column 'brgstock' in 'where clause'
in SYSTEMPATH\Database\MySQLi\Connection.php on line 306.
 1 SYSTEMPATH\Database\MySQLi\Connection.php(306): mysqli->query('SELECT *
FROM `barang`
LEFT JOIN `kategori` ON `brgkatid`=`katid`
LEFT JOIN `satuan` ON `brgsatid`=`satid`
WHERE   (
`brgnama` LIKE \'%meses garuda%\' ESCAPE \'!\'
OR  `katnama` LIKE \'%meses garuda%\' ESCAPE \'!\'
OR  `brgmodal` LIKE \'%meses garuda%\' ESCAPE \'!\'
OR  `satnama` LIKE \'%meses garuda%\' ESCAPE \'!\'
OR  `brgharga` LIKE \'%meses garuda%\' ESCAPE \'!\'
OR  `brgstock` LIKE \'%meses garuda%\' ESCAPE \'!\'
 )
ORDER BY `brgnama` ASC, `brgnama` ASC
 LIMIT 10', 0)
 2 SYSTEMPATH\Database\BaseConnection.php(693): CodeIgniter\Database\MySQLi\Connection->execute('SELECT *
FROM `barang`
LEFT JOIN `kategori` ON `brgkatid`=`katid`
LEFT JOIN `satuan` ON `brgsatid`=`satid`
WHERE   (
`brgnama` LIKE \'%meses garuda%\' ESCAPE \'!\'
OR  `katnama` LIKE \'%meses garuda%\' ESCAPE \'!\'
OR  `brgmodal` LIKE \'%meses garuda%\' ESCAPE \'!\'
OR  `satnama` LIKE \'%meses garuda%\' ESCAPE \'!\'
OR  `brgharga` LIKE \'%meses garuda%\' ESCAPE \'!\'
OR  `brgstock` LIKE \'%meses garuda%\' ESCAPE \'!\'
 )
ORDER BY `brgnama` ASC, `brgnama` ASC
 LIMIT 10')
 3 SYSTEMPATH\Database\BaseConnection.php(607): CodeIgniter\Database\BaseConnection->simpleQuery('SELECT *
FROM `barang`
LEFT JOIN `kategori` ON `brgkatid`=`katid`
LEFT JOIN `satuan` ON `brgsatid`=`satid`
WHERE   (
`brgnama` LIKE \'%meses garuda%\' ESCAPE \'!\'
OR  `katnama` LIKE \'%meses garuda%\' ESCAPE \'!\'
OR  `brgmodal` LIKE \'%meses garuda%\' ESCAPE \'!\'
OR  `satnama` LIKE \'%meses garuda%\' ESCAPE \'!\'
OR  `brgharga` LIKE \'%meses garuda%\' ESCAPE \'!\'
OR  `brgstock` LIKE \'%meses garuda%\' ESCAPE \'!\'
 )
ORDER BY `brgnama` ASC, `brgnama` ASC
 LIMIT 10')
 4 SYSTEMPATH\Database\BaseBuilder.php(1616): CodeIgniter\Database\BaseConnection->query('SELECT *
FROM `barang`
LEFT JOIN `kategori` ON `brgkatid`=`katid`
LEFT JOIN `satuan` ON `brgsatid`=`satid`
WHERE   (
`brgnama` LIKE :brgnama: ESCAPE \'!\'
OR  `katnama` LIKE :katnama: ESCAPE \'!\'
OR  `brgmodal` LIKE :brgmodal: ESCAPE \'!\'
OR  `satnama` LIKE :satnama: ESCAPE \'!\'
OR  `brgharga` LIKE :brgharga: ESCAPE \'!\'
OR  `brgstock` LIKE :brgstock: ESCAPE \'!\'
 )
ORDER BY `brgnama` ASC, `brgnama` ASC
 LIMIT 10', [...], false)
 5 APPPATH\Models\ModelBarangPagination.php(55): CodeIgniter\Database\BaseBuilder->get()
 6 APPPATH\Controllers\AdminBarang.php(32): App\Models\ModelBarangPagination->get_datatables()
 7 SYSTEMPATH\CodeIgniter.php(941): App\Controllers\AdminBarang->listDataBarang()
 8 SYSTEMPATH\CodeIgniter.php(502): CodeIgniter\CodeIgniter->runController(Object(App\Controllers\AdminBarang))
 9 SYSTEMPATH\CodeIgniter.php(361): CodeIgniter\CodeIgniter->handleRequest(null, Object(Config\Cache), false)
10 FCPATH\index.php(79): CodeIgniter\CodeIgniter->run()
INFO - 2024-11-13 06:59:52 --> Session: Class initialized using 'CodeIgniter\Session\Handlers\FileHandler' driver.
INFO - 2024-11-13 06:59:53 --> Session: Class initialized using 'CodeIgniter\Session\Handlers\FileHandler' driver.
INFO - 2024-11-13 06:59:54 --> Session: Class initialized using 'CodeIgniter\Session\Handlers\FileHandler' driver.
ERROR - 2024-11-13 06:59:54 --> mysqli_sql_exception: Unknown column 'katnama' in 'where clause' in C:\xampp\htdocs\tokoplastik\system\Database\MySQLi\Connection.php:306
Stack trace:
#0 C:\xampp\htdocs\tokoplastik\system\Database\MySQLi\Connection.php(306): mysqli->query('SELECT COUNT(*)...', 0)
#1 C:\xampp\htdocs\tokoplastik\system\Database\BaseConnection.php(693): CodeIgniter\Database\MySQLi\Connection->execute('SELECT COUNT(*)...')
#2 C:\xampp\htdocs\tokoplastik\system\Database\BaseConnection.php(607): CodeIgniter\Database\BaseConnection->simpleQuery('SELECT COUNT(*)...')
#3 C:\xampp\htdocs\tokoplastik\system\Database\BaseBuilder.php(1700): CodeIgniter\Database\BaseConnection->query('SELECT COUNT(*)...', Array, false)
#4 C:\xampp\htdocs\tokoplastik\app\Models\ModelBarangPagination.php(61): CodeIgniter\Database\BaseBuilder->countAllResults()
#5 C:\xampp\htdocs\tokoplastik\app\Controllers\AdminBarang.php(81): App\Models\ModelBarangPagination->count_filtered()
#6 C:\xampp\htdocs\tokoplastik\system\CodeIgniter.php(941): App\Controllers\AdminBarang->listDataBarang()
#7 C:\xampp\htdocs\tokoplastik\system\CodeIgniter.php(502): CodeIgniter\CodeIgniter->runController(Object(App\Controllers\AdminBarang))
#8 C:\xampp\htdocs\tokoplastik\system\CodeIgniter.php(361): CodeIgniter\CodeIgniter->handleRequest(NULL, Object(Config\Cache), false)
#9 C:\xampp\htdocs\tokoplastik\public\index.php(79): CodeIgniter\CodeIgniter->run()
#10 {main}
CRITICAL - 2024-11-13 06:59:54 --> CodeIgniter\Database\Exceptions\DatabaseException: Unknown column 'katnama' in 'where clause'
in SYSTEMPATH\Database\BaseConnection.php on line 647.
 1 SYSTEMPATH\Database\BaseBuilder.php(1700): CodeIgniter\Database\BaseConnection->query('SELECT COUNT(*) AS `numrows`
FROM `barang`
WHERE   (
`brgnama` LIKE :brgnama: ESCAPE \'!\'
OR  `katnama` LIKE :katnama: ESCAPE \'!\'
OR  `brgmodal` LIKE :brgmodal: ESCAPE \'!\'
OR  `satnama` LIKE :satnama: ESCAPE \'!\'
OR  `brgharga` LIKE :brgharga: ESCAPE \'!\'
 )', [...], false)
 2 APPPATH\Models\ModelBarangPagination.php(61): CodeIgniter\Database\BaseBuilder->countAllResults()
 3 APPPATH\Controllers\AdminBarang.php(81): App\Models\ModelBarangPagination->count_filtered()
 4 SYSTEMPATH\CodeIgniter.php(941): App\Controllers\AdminBarang->listDataBarang()
 5 SYSTEMPATH\CodeIgniter.php(502): CodeIgniter\CodeIgniter->runController(Object(App\Controllers\AdminBarang))
 6 SYSTEMPATH\CodeIgniter.php(361): CodeIgniter\CodeIgniter->handleRequest(null, Object(Config\Cache), false)
 7 FCPATH\index.php(79): CodeIgniter\CodeIgniter->run()
CRITICAL - 2024-11-13 06:59:54 --> [Caused by] CodeIgniter\Database\Exceptions\DatabaseException: Unknown column 'katnama' in 'where clause'
in SYSTEMPATH\Database\MySQLi\Connection.php on line 311.
 1 SYSTEMPATH\Database\BaseConnection.php(693): CodeIgniter\Database\MySQLi\Connection->execute('SELECT COUNT(*) AS `numrows`
FROM `barang`
WHERE   (
`brgnama` LIKE \'%meses garuda%\' ESCAPE \'!\'
OR  `katnama` LIKE \'%meses garuda%\' ESCAPE \'!\'
OR  `brgmodal` LIKE \'%meses garuda%\' ESCAPE \'!\'
OR  `satnama` LIKE \'%meses garuda%\' ESCAPE \'!\'
OR  `brgharga` LIKE \'%meses garuda%\' ESCAPE \'!\'
 )')
 2 SYSTEMPATH\Database\BaseConnection.php(607): CodeIgniter\Database\BaseConnection->simpleQuery('SELECT COUNT(*) AS `numrows`
FROM `barang`
WHERE   (
`brgnama` LIKE \'%meses garuda%\' ESCAPE \'!\'
OR  `katnama` LIKE \'%meses garuda%\' ESCAPE \'!\'
OR  `brgmodal` LIKE \'%meses garuda%\' ESCAPE \'!\'
OR  `satnama` LIKE \'%meses garuda%\' ESCAPE \'!\'
OR  `brgharga` LIKE \'%meses garuda%\' ESCAPE \'!\'
 )')
 3 SYSTEMPATH\Database\BaseBuilder.php(1700): CodeIgniter\Database\BaseConnection->query('SELECT COUNT(*) AS `numrows`
FROM `barang`
WHERE   (
`brgnama` LIKE :brgnama: ESCAPE \'!\'
OR  `katnama` LIKE :katnama: ESCAPE \'!\'
OR  `brgmodal` LIKE :brgmodal: ESCAPE \'!\'
OR  `satnama` LIKE :satnama: ESCAPE \'!\'
OR  `brgharga` LIKE :brgharga: ESCAPE \'!\'
 )', [...], false)
 4 APPPATH\Models\ModelBarangPagination.php(61): CodeIgniter\Database\BaseBuilder->countAllResults()
 5 APPPATH\Controllers\AdminBarang.php(81): App\Models\ModelBarangPagination->count_filtered()
 6 SYSTEMPATH\CodeIgniter.php(941): App\Controllers\AdminBarang->listDataBarang()
 7 SYSTEMPATH\CodeIgniter.php(502): CodeIgniter\CodeIgniter->runController(Object(App\Controllers\AdminBarang))
 8 SYSTEMPATH\CodeIgniter.php(361): CodeIgniter\CodeIgniter->handleRequest(null, Object(Config\Cache), false)
 9 FCPATH\index.php(79): CodeIgniter\CodeIgniter->run()
CRITICAL - 2024-11-13 06:59:54 --> [Caused by] mysqli_sql_exception: Unknown column 'katnama' in 'where clause'
in SYSTEMPATH\Database\MySQLi\Connection.php on line 306.
 1 SYSTEMPATH\Database\MySQLi\Connection.php(306): mysqli->query('SELECT COUNT(*) AS `numrows`
FROM `barang`
WHERE   (
`brgnama` LIKE \'%meses garuda%\' ESCAPE \'!\'
OR  `katnama` LIKE \'%meses garuda%\' ESCAPE \'!\'
OR  `brgmodal` LIKE \'%meses garuda%\' ESCAPE \'!\'
OR  `satnama` LIKE \'%meses garuda%\' ESCAPE \'!\'
OR  `brgharga` LIKE \'%meses garuda%\' ESCAPE \'!\'
 )', 0)
 2 SYSTEMPATH\Database\BaseConnection.php(693): CodeIgniter\Database\MySQLi\Connection->execute('SELECT COUNT(*) AS `numrows`
FROM `barang`
WHERE   (
`brgnama` LIKE \'%meses garuda%\' ESCAPE \'!\'
OR  `katnama` LIKE \'%meses garuda%\' ESCAPE \'!\'
OR  `brgmodal` LIKE \'%meses garuda%\' ESCAPE \'!\'
OR  `satnama` LIKE \'%meses garuda%\' ESCAPE \'!\'
OR  `brgharga` LIKE \'%meses garuda%\' ESCAPE \'!\'
 )')
 3 SYSTEMPATH\Database\BaseConnection.php(607): CodeIgniter\Database\BaseConnection->simpleQuery('SELECT COUNT(*) AS `numrows`
FROM `barang`
WHERE   (
`brgnama` LIKE \'%meses garuda%\' ESCAPE \'!\'
OR  `katnama` LIKE \'%meses garuda%\' ESCAPE \'!\'
OR  `brgmodal` LIKE \'%meses garuda%\' ESCAPE \'!\'
OR  `satnama` LIKE \'%meses garuda%\' ESCAPE \'!\'
OR  `brgharga` LIKE \'%meses garuda%\' ESCAPE \'!\'
 )')
 4 SYSTEMPATH\Database\BaseBuilder.php(1700): CodeIgniter\Database\BaseConnection->query('SELECT COUNT(*) AS `numrows`
FROM `barang`
WHERE   (
`brgnama` LIKE :brgnama: ESCAPE \'!\'
OR  `katnama` LIKE :katnama: ESCAPE \'!\'
OR  `brgmodal` LIKE :brgmodal: ESCAPE \'!\'
OR  `satnama` LIKE :satnama: ESCAPE \'!\'
OR  `brgharga` LIKE :brgharga: ESCAPE \'!\'
 )', [...], false)
 5 APPPATH\Models\ModelBarangPagination.php(61): CodeIgniter\Database\BaseBuilder->countAllResults()
 6 APPPATH\Controllers\AdminBarang.php(81): App\Models\ModelBarangPagination->count_filtered()
 7 SYSTEMPATH\CodeIgniter.php(941): App\Controllers\AdminBarang->listDataBarang()
 8 SYSTEMPATH\CodeIgniter.php(502): CodeIgniter\CodeIgniter->runController(Object(App\Controllers\AdminBarang))
 9 SYSTEMPATH\CodeIgniter.php(361): CodeIgniter\CodeIgniter->handleRequest(null, Object(Config\Cache), false)
10 FCPATH\index.php(79): CodeIgniter\CodeIgniter->run()
INFO - 2024-11-13 07:00:11 --> Session: Class initialized using 'CodeIgniter\Session\Handlers\FileHandler' driver.
INFO - 2024-11-13 07:00:11 --> Session: Class initialized using 'CodeIgniter\Session\Handlers\FileHandler' driver.
INFO - 2024-11-13 07:00:13 --> Session: Class initialized using 'CodeIgniter\Session\Handlers\FileHandler' driver.
INFO - 2024-11-13 07:01:42 --> Session: Class initialized using 'CodeIgniter\Session\Handlers\FileHandler' driver.
INFO - 2024-11-13 07:01:42 --> Session: Class initialized using 'CodeIgniter\Session\Handlers\FileHandler' driver.
INFO - 2024-11-13 07:01:43 --> Session: Class initialized using 'CodeIgniter\Session\Handlers\FileHandler' driver.
INFO - 2024-11-13 08:02:11 --> Session: Class initialized using 'CodeIgniter\Session\Handlers\FileHandler' driver.
INFO - 2024-11-13 08:02:13 --> Session: Class initialized using 'CodeIgniter\Session\Handlers\FileHandler' driver.
INFO - 2024-11-13 08:02:20 --> Session: Class initialized using 'CodeIgniter\Session\Handlers\FileHandler' driver.
INFO - 2024-11-13 08:02:21 --> Session: Class initialized using 'CodeIgniter\Session\Handlers\FileHandler' driver.
INFO - 2024-11-13 08:02:21 --> Session: Class initialized using 'CodeIgniter\Session\Handlers\FileHandler' driver.
INFO - 2024-11-13 08:02:24 --> Session: Class initialized using 'CodeIgniter\Session\Handlers\FileHandler' driver.
INFO - 2024-11-13 08:02:24 --> Session: Class initialized using 'CodeIgniter\Session\Handlers\FileHandler' driver.
INFO - 2024-11-13 08:03:07 --> Session: Class initialized using 'CodeIgniter\Session\Handlers\FileHandler' driver.
INFO - 2024-11-13 08:03:17 --> Session: Class initialized using 'CodeIgniter\Session\Handlers\FileHandler' driver.
INFO - 2024-11-13 08:03:19 --> Session: Class initialized using 'CodeIgniter\Session\Handlers\FileHandler' driver.
INFO - 2024-11-13 08:03:20 --> Session: Class initialized using 'CodeIgniter\Session\Handlers\FileHandler' driver.
INFO - 2024-11-13 08:04:35 --> Session: Class initialized using 'CodeIgniter\Session\Handlers\FileHandler' driver.
INFO - 2024-11-13 08:04:36 --> Session: Class initialized using 'CodeIgniter\Session\Handlers\FileHandler' driver.
INFO - 2024-11-13 08:17:21 --> Session: Class initialized using 'CodeIgniter\Session\Handlers\FileHandler' driver.
INFO - 2024-11-13 08:17:29 --> Session: Class initialized using 'CodeIgniter\Session\Handlers\FileHandler' driver.
INFO - 2024-11-13 08:17:29 --> Session: Class initialized using 'CodeIgniter\Session\Handlers\FileHandler' driver.
INFO - 2024-11-13 08:17:31 --> Session: Class initialized using 'CodeIgniter\Session\Handlers\FileHandler' driver.
INFO - 2024-11-13 08:17:39 --> Session: Class initialized using 'CodeIgniter\Session\Handlers\FileHandler' driver.
INFO - 2024-11-13 08:17:39 --> Session: Class initialized using 'CodeIgniter\Session\Handlers\FileHandler' driver.
INFO - 2024-11-13 08:17:46 --> Session: Class initialized using 'CodeIgniter\Session\Handlers\FileHandler' driver.
INFO - 2024-11-13 08:17:52 --> Session: Class initialized using 'CodeIgniter\Session\Handlers\FileHandler' driver.
INFO - 2024-11-13 08:17:53 --> Session: Class initialized using 'CodeIgniter\Session\Handlers\FileHandler' driver.
INFO - 2024-11-13 08:17:53 --> Session: Class initialized using 'CodeIgniter\Session\Handlers\FileHandler' driver.
INFO - 2024-11-13 08:17:56 --> Session: Class initialized using 'CodeIgniter\Session\Handlers\FileHandler' driver.
INFO - 2024-11-13 08:17:59 --> Session: Class initialized using 'CodeIgniter\Session\Handlers\FileHandler' driver.
INFO - 2024-11-13 08:18:00 --> Session: Class initialized using 'CodeIgniter\Session\Handlers\FileHandler' driver.
INFO - 2024-11-13 08:18:00 --> Session: Class initialized using 'CodeIgniter\Session\Handlers\FileHandler' driver.
INFO - 2024-11-13 08:18:03 --> Session: Class initialized using 'CodeIgniter\Session\Handlers\FileHandler' driver.
INFO - 2024-11-13 08:18:06 --> Session: Class initialized using 'CodeIgniter\Session\Handlers\FileHandler' driver.
INFO - 2024-11-13 08:18:07 --> Session: Class initialized using 'CodeIgniter\Session\Handlers\FileHandler' driver.
INFO - 2024-11-13 08:18:07 --> Session: Class initialized using 'CodeIgniter\Session\Handlers\FileHandler' driver.
INFO - 2024-11-13 08:18:10 --> Session: Class initialized using 'CodeIgniter\Session\Handlers\FileHandler' driver.
INFO - 2024-11-13 08:18:13 --> Session: Class initialized using 'CodeIgniter\Session\Handlers\FileHandler' driver.
INFO - 2024-11-13 08:18:14 --> Session: Class initialized using 'CodeIgniter\Session\Handlers\FileHandler' driver.
INFO - 2024-11-13 08:18:14 --> Session: Class initialized using 'CodeIgniter\Session\Handlers\FileHandler' driver.
INFO - 2024-11-13 08:18:16 --> Session: Class initialized using 'CodeIgniter\Session\Handlers\FileHandler' driver.
INFO - 2024-11-13 08:18:18 --> Session: Class initialized using 'CodeIgniter\Session\Handlers\FileHandler' driver.
INFO - 2024-11-13 08:18:21 --> Session: Class initialized using 'CodeIgniter\Session\Handlers\FileHandler' driver.
INFO - 2024-11-13 08:18:22 --> Session: Class initialized using 'CodeIgniter\Session\Handlers\FileHandler' driver.
INFO - 2024-11-13 08:18:22 --> Session: Class initialized using 'CodeIgniter\Session\Handlers\FileHandler' driver.
INFO - 2024-11-13 08:18:23 --> Session: Class initialized using 'CodeIgniter\Session\Handlers\FileHandler' driver.
INFO - 2024-11-13 08:18:25 --> Session: Class initialized using 'CodeIgniter\Session\Handlers\FileHandler' driver.
INFO - 2024-11-13 08:18:28 --> Session: Class initialized using 'CodeIgniter\Session\Handlers\FileHandler' driver.
INFO - 2024-11-13 08:18:29 --> Session: Class initialized using 'CodeIgniter\Session\Handlers\FileHandler' driver.
INFO - 2024-11-13 08:18:30 --> Session: Class initialized using 'CodeIgniter\Session\Handlers\FileHandler' driver.
INFO - 2024-11-13 08:18:31 --> Session: Class initialized using 'CodeIgniter\Session\Handlers\FileHandler' driver.
INFO - 2024-11-13 08:18:32 --> Session: Class initialized using 'CodeIgniter\Session\Handlers\FileHandler' driver.
INFO - 2024-11-13 08:18:35 --> Session: Class initialized using 'CodeIgniter\Session\Handlers\FileHandler' driver.
INFO - 2024-11-13 08:18:36 --> Session: Class initialized using 'CodeIgniter\Session\Handlers\FileHandler' driver.
INFO - 2024-11-13 08:18:37 --> Session: Class initialized using 'CodeIgniter\Session\Handlers\FileHandler' driver.
INFO - 2024-11-13 08:18:38 --> Session: Class initialized using 'CodeIgniter\Session\Handlers\FileHandler' driver.
INFO - 2024-11-13 08:18:39 --> Session: Class initialized using 'CodeIgniter\Session\Handlers\FileHandler' driver.
INFO - 2024-11-13 08:18:39 --> Session: Class initialized using 'CodeIgniter\Session\Handlers\FileHandler' driver.
INFO - 2024-11-13 08:18:40 --> Session: Class initialized using 'CodeIgniter\Session\Handlers\FileHandler' driver.
INFO - 2024-11-13 08:18:40 --> Session: Class initialized using 'CodeIgniter\Session\Handlers\FileHandler' driver.
INFO - 2024-11-13 08:18:41 --> Session: Class initialized using 'CodeIgniter\Session\Handlers\FileHandler' driver.
INFO - 2024-11-13 08:18:42 --> Session: Class initialized using 'CodeIgniter\Session\Handlers\FileHandler' driver.
INFO - 2024-11-13 08:18:43 --> Session: Class initialized using 'CodeIgniter\Session\Handlers\FileHandler' driver.
INFO - 2024-11-13 08:18:44 --> Session: Class initialized using 'CodeIgniter\Session\Handlers\FileHandler' driver.
INFO - 2024-11-13 08:18:49 --> Session: Class initialized using 'CodeIgniter\Session\Handlers\FileHandler' driver.
INFO - 2024-11-13 08:18:55 --> Session: Class initialized using 'CodeIgniter\Session\Handlers\FileHandler' driver.
INFO - 2024-11-13 08:19:04 --> Session: Class initialized using 'CodeIgniter\Session\Handlers\FileHandler' driver.
INFO - 2024-11-13 08:19:08 --> Session: Class initialized using 'CodeIgniter\Session\Handlers\FileHandler' driver.
INFO - 2024-11-13 08:19:09 --> Session: Class initialized using 'CodeIgniter\Session\Handlers\FileHandler' driver.
INFO - 2024-11-13 08:19:09 --> Session: Class initialized using 'CodeIgniter\Session\Handlers\FileHandler' driver.
INFO - 2024-11-13 08:19:12 --> Session: Class initialized using 'CodeIgniter\Session\Handlers\FileHandler' driver.
INFO - 2024-11-13 08:19:16 --> Session: Class initialized using 'CodeIgniter\Session\Handlers\FileHandler' driver.
INFO - 2024-11-13 08:19:25 --> Session: Class initialized using 'CodeIgniter\Session\Handlers\FileHandler' driver.
INFO - 2024-11-13 08:19:28 --> Session: Class initialized using 'CodeIgniter\Session\Handlers\FileHandler' driver.
INFO - 2024-11-13 08:19:29 --> Session: Class initialized using 'CodeIgniter\Session\Handlers\FileHandler' driver.
INFO - 2024-11-13 08:19:29 --> Session: Class initialized using 'CodeIgniter\Session\Handlers\FileHandler' driver.
INFO - 2024-11-13 08:19:31 --> Session: Class initialized using 'CodeIgniter\Session\Handlers\FileHandler' driver.
INFO - 2024-11-13 08:19:33 --> Session: Class initialized using 'CodeIgniter\Session\Handlers\FileHandler' driver.
INFO - 2024-11-13 08:19:34 --> Session: Class initialized using 'CodeIgniter\Session\Handlers\FileHandler' driver.
INFO - 2024-11-13 08:19:35 --> Session: Class initialized using 'CodeIgniter\Session\Handlers\FileHandler' driver.
INFO - 2024-11-13 08:19:35 --> Session: Class initialized using 'CodeIgniter\Session\Handlers\FileHandler' driver.
INFO - 2024-11-13 08:19:40 --> Session: Class initialized using 'CodeIgniter\Session\Handlers\FileHandler' driver.
INFO - 2024-11-13 08:19:52 --> Session: Class initialized using 'CodeIgniter\Session\Handlers\FileHandler' driver.
INFO - 2024-11-13 08:19:55 --> Session: Class initialized using 'CodeIgniter\Session\Handlers\FileHandler' driver.
INFO - 2024-11-13 08:19:57 --> Session: Class initialized using 'CodeIgniter\Session\Handlers\FileHandler' driver.
INFO - 2024-11-13 08:19:57 --> Session: Class initialized using 'CodeIgniter\Session\Handlers\FileHandler' driver.
INFO - 2024-11-13 08:19:59 --> Session: Class initialized using 'CodeIgniter\Session\Handlers\FileHandler' driver.
INFO - 2024-11-13 08:20:00 --> Session: Class initialized using 'CodeIgniter\Session\Handlers\FileHandler' driver.
INFO - 2024-11-13 08:20:02 --> Session: Class initialized using 'CodeIgniter\Session\Handlers\FileHandler' driver.
INFO - 2024-11-13 08:20:05 --> Session: Class initialized using 'CodeIgniter\Session\Handlers\FileHandler' driver.
INFO - 2024-11-13 08:20:05 --> Session: Class initialized using 'CodeIgniter\Session\Handlers\FileHandler' driver.
INFO - 2024-11-13 08:20:06 --> Session: Class initialized using 'CodeIgniter\Session\Handlers\FileHandler' driver.
INFO - 2024-11-13 08:20:07 --> Session: Class initialized using 'CodeIgniter\Session\Handlers\FileHandler' driver.
INFO - 2024-11-13 08:20:08 --> Session: Class initialized using 'CodeIgniter\Session\Handlers\FileHandler' driver.
INFO - 2024-11-13 08:20:10 --> Session: Class initialized using 'CodeIgniter\Session\Handlers\FileHandler' driver.
INFO - 2024-11-13 08:20:13 --> Session: Class initialized using 'CodeIgniter\Session\Handlers\FileHandler' driver.
INFO - 2024-11-13 08:20:14 --> Session: Class initialized using 'CodeIgniter\Session\Handlers\FileHandler' driver.
INFO - 2024-11-13 08:20:14 --> Session: Class initialized using 'CodeIgniter\Session\Handlers\FileHandler' driver.
INFO - 2024-11-13 08:20:15 --> Session: Class initialized using 'CodeIgniter\Session\Handlers\FileHandler' driver.
INFO - 2024-11-13 08:20:16 --> Session: Class initialized using 'CodeIgniter\Session\Handlers\FileHandler' driver.
INFO - 2024-11-13 08:20:17 --> Session: Class initialized using 'CodeIgniter\Session\Handlers\FileHandler' driver.
INFO - 2024-11-13 08:20:20 --> Session: Class initialized using 'CodeIgniter\Session\Handlers\FileHandler' driver.
INFO - 2024-11-13 08:20:21 --> Session: Class initialized using 'CodeIgniter\Session\Handlers\FileHandler' driver.
INFO - 2024-11-13 08:20:21 --> Session: Class initialized using 'CodeIgniter\Session\Handlers\FileHandler' driver.
INFO - 2024-11-13 08:20:23 --> Session: Class initialized using 'CodeIgniter\Session\Handlers\FileHandler' driver.
INFO - 2024-11-13 08:20:29 --> Session: Class initialized using 'CodeIgniter\Session\Handlers\FileHandler' driver.
INFO - 2024-11-13 08:20:30 --> Session: Class initialized using 'CodeIgniter\Session\Handlers\FileHandler' driver.
INFO - 2024-11-13 08:20:36 --> Session: Class initialized using 'CodeIgniter\Session\Handlers\FileHandler' driver.
INFO - 2024-11-13 08:20:44 --> Session: Class initialized using 'CodeIgniter\Session\Handlers\FileHandler' driver.
INFO - 2024-11-13 08:20:54 --> Session: Class initialized using 'CodeIgniter\Session\Handlers\FileHandler' driver.
INFO - 2024-11-13 08:20:57 --> Session: Class initialized using 'CodeIgniter\Session\Handlers\FileHandler' driver.
INFO - 2024-11-13 08:20:58 --> Session: Class initialized using 'CodeIgniter\Session\Handlers\FileHandler' driver.
INFO - 2024-11-13 08:20:58 --> Session: Class initialized using 'CodeIgniter\Session\Handlers\FileHandler' driver.
INFO - 2024-11-13 08:21:00 --> Session: Class initialized using 'CodeIgniter\Session\Handlers\FileHandler' driver.
INFO - 2024-11-13 08:21:03 --> Session: Class initialized using 'CodeIgniter\Session\Handlers\FileHandler' driver.
INFO - 2024-11-13 08:21:05 --> Session: Class initialized using 'CodeIgniter\Session\Handlers\FileHandler' driver.
INFO - 2024-11-13 08:21:06 --> Session: Class initialized using 'CodeIgniter\Session\Handlers\FileHandler' driver.
INFO - 2024-11-13 08:21:06 --> Session: Class initialized using 'CodeIgniter\Session\Handlers\FileHandler' driver.
INFO - 2024-11-13 08:21:08 --> Session: Class initialized using 'CodeIgniter\Session\Handlers\FileHandler' driver.
INFO - 2024-11-13 08:21:09 --> Session: Class initialized using 'CodeIgniter\Session\Handlers\FileHandler' driver.
INFO - 2024-11-13 08:21:12 --> Session: Class initialized using 'CodeIgniter\Session\Handlers\FileHandler' driver.
INFO - 2024-11-13 08:21:13 --> Session: Class initialized using 'CodeIgniter\Session\Handlers\FileHandler' driver.
INFO - 2024-11-13 08:21:13 --> Session: Class initialized using 'CodeIgniter\Session\Handlers\FileHandler' driver.
INFO - 2024-11-13 08:21:15 --> Session: Class initialized using 'CodeIgniter\Session\Handlers\FileHandler' driver.
INFO - 2024-11-13 08:21:16 --> Session: Class initialized using 'CodeIgniter\Session\Handlers\FileHandler' driver.
INFO - 2024-11-13 08:21:20 --> Session: Class initialized using 'CodeIgniter\Session\Handlers\FileHandler' driver.
INFO - 2024-11-13 08:21:21 --> Session: Class initialized using 'CodeIgniter\Session\Handlers\FileHandler' driver.
INFO - 2024-11-13 08:21:22 --> Session: Class initialized using 'CodeIgniter\Session\Handlers\FileHandler' driver.
INFO - 2024-11-13 08:21:24 --> Session: Class initialized using 'CodeIgniter\Session\Handlers\FileHandler' driver.
INFO - 2024-11-13 08:21:25 --> Session: Class initialized using 'CodeIgniter\Session\Handlers\FileHandler' driver.
INFO - 2024-11-13 08:21:28 --> Session: Class initialized using 'CodeIgniter\Session\Handlers\FileHandler' driver.
INFO - 2024-11-13 08:21:29 --> Session: Class initialized using 'CodeIgniter\Session\Handlers\FileHandler' driver.
INFO - 2024-11-13 08:21:29 --> Session: Class initialized using 'CodeIgniter\Session\Handlers\FileHandler' driver.
INFO - 2024-11-13 08:21:33 --> Session: Class initialized using 'CodeIgniter\Session\Handlers\FileHandler' driver.
INFO - 2024-11-13 08:21:37 --> Session: Class initialized using 'CodeIgniter\Session\Handlers\FileHandler' driver.
INFO - 2024-11-13 08:21:41 --> Session: Class initialized using 'CodeIgniter\Session\Handlers\FileHandler' driver.
INFO - 2024-11-13 08:22:04 --> Session: Class initialized using 'CodeIgniter\Session\Handlers\FileHandler' driver.
INFO - 2024-11-13 08:22:08 --> Session: Class initialized using 'CodeIgniter\Session\Handlers\FileHandler' driver.
INFO - 2024-11-13 08:22:09 --> Session: Class initialized using 'CodeIgniter\Session\Handlers\FileHandler' driver.
INFO - 2024-11-13 08:22:09 --> Session: Class initialized using 'CodeIgniter\Session\Handlers\FileHandler' driver.
INFO - 2024-11-13 08:22:12 --> Session: Class initialized using 'CodeIgniter\Session\Handlers\FileHandler' driver.
INFO - 2024-11-13 08:22:17 --> Session: Class initialized using 'CodeIgniter\Session\Handlers\FileHandler' driver.
INFO - 2024-11-13 08:22:23 --> Session: Class initialized using 'CodeIgniter\Session\Handlers\FileHandler' driver.
INFO - 2024-11-13 08:22:24 --> Session: Class initialized using 'CodeIgniter\Session\Handlers\FileHandler' driver.
INFO - 2024-11-13 08:22:33 --> Session: Class initialized using 'CodeIgniter\Session\Handlers\FileHandler' driver.
INFO - 2024-11-13 08:22:33 --> Session: Class initialized using 'CodeIgniter\Session\Handlers\FileHandler' driver.
INFO - 2024-11-13 08:23:50 --> Session: Class initialized using 'CodeIgniter\Session\Handlers\FileHandler' driver.
INFO - 2024-11-13 08:23:51 --> Session: Class initialized using 'CodeIgniter\Session\Handlers\FileHandler' driver.
INFO - 2024-11-13 08:23:53 --> Session: Class initialized using 'CodeIgniter\Session\Handlers\FileHandler' driver.
INFO - 2024-11-13 08:23:55 --> Session: Class initialized using 'CodeIgniter\Session\Handlers\FileHandler' driver.
INFO - 2024-11-13 08:23:56 --> Session: Class initialized using 'CodeIgniter\Session\Handlers\FileHandler' driver.
INFO - 2024-11-13 08:23:58 --> Session: Class initialized using 'CodeIgniter\Session\Handlers\FileHandler' driver.
INFO - 2024-11-13 08:24:00 --> Session: Class initialized using 'CodeIgniter\Session\Handlers\FileHandler' driver.
INFO - 2024-11-13 08:24:19 --> Session: Class initialized using 'CodeIgniter\Session\Handlers\FileHandler' driver.
INFO - 2024-11-13 08:24:23 --> Session: Class initialized using 'CodeIgniter\Session\Handlers\FileHandler' driver.
INFO - 2024-11-13 08:24:24 --> Session: Class initialized using 'CodeIgniter\Session\Handlers\FileHandler' driver.
INFO - 2024-11-13 08:24:55 --> Session: Class initialized using 'CodeIgniter\Session\Handlers\FileHandler' driver.
INFO - 2024-11-13 08:24:55 --> Session: Class initialized using 'CodeIgniter\Session\Handlers\FileHandler' driver.
INFO - 2024-11-13 08:24:56 --> Session: Class initialized using 'CodeIgniter\Session\Handlers\FileHandler' driver.
INFO - 2024-11-13 09:03:25 --> Session: Class initialized using 'CodeIgniter\Session\Handlers\FileHandler' driver.
INFO - 2024-11-13 09:03:55 --> Session: Class initialized using 'CodeIgniter\Session\Handlers\FileHandler' driver.
INFO - 2024-11-13 09:03:59 --> Session: Class initialized using 'CodeIgniter\Session\Handlers\FileHandler' driver.
INFO - 2024-11-13 09:05:25 --> Session: Class initialized using 'CodeIgniter\Session\Handlers\FileHandler' driver.
